2014/04/15 22:42:34 [error] [exception.CHttpException.404] exception 'CHttpException' with message 'Unable to resolve the request "upload/room/t_1397460390-415833.jpg".' in /var/www/YiiRoot/framework/web/CWebApplication.php:286
Stack trace:
#0 /var/www/YiiRoot/framework/web/CWebApplication.php(141): CWebApplication->runController('upload/room/t_1...')
#1 /var/www/YiiRoot/framework/base/CApplication.php(180): CWebApplication->processRequest()
#2 /var/www/storybox/index.php(18): CApplication->run()
#3 {main}
REQUEST_URI=/storybox/upload/room/t_1397460390-415833.jpg
HTTP_REFERER=http://dev.modiez.kr/storybox/rooms/1
---
2014/04/15 22:42:35 [error] [exception.CHttpException.404] exception 'CHttpException' with message 'Unable to resolve the request "upload/room/t_1397562136-1685723.jpg".' in /var/www/YiiRoot/framework/web/CWebApplication.php:286
Stack trace:
#0 /var/www/YiiRoot/framework/web/CWebApplication.php(141): CWebApplication->runController('upload/room/t_1...')
#1 /var/www/YiiRoot/framework/base/CApplication.php(180): CWebApplication->processRequest()
#2 /var/www/storybox/index.php(18): CApplication->run()
#3 {main}
REQUEST_URI=/storybox/upload/room/t_1397562136-1685723.jpg
HTTP_REFERER=http://dev.modiez.kr/storybox/rooms/1
---
2014/04/15 22:42:35 [error] [exception.CHttpException.404] exception 'CHttpException' with message 'Unable to resolve the request "upload/room/t_1397460390-415833.jpg".' in /var/www/YiiRoot/framework/web/CWebApplication.php:286
Stack trace:
#0 /var/www/YiiRoot/framework/web/CWebApplication.php(141): CWebApplication->runController('upload/room/t_1...')
#1 /var/www/YiiRoot/framework/base/CApplication.php(180): CWebApplication->processRequest()
#2 /var/www/storybox/index.php(18): CApplication->run()
#3 {main}
REQUEST_URI=/storybox/upload/room/t_1397460390-415833.jpg
HTTP_REFERER=http://dev.modiez.kr/storybox/rooms/1
---
2014/04/15 22:42:35 [error] [exception.CHttpException.404] exception 'CHttpException' with message 'Unable to resolve the request "upload/room/t_1397564067-iron_man_shield_interface_star_2560x1440_wallpaperno.com.jpg".' in /var/www/YiiRoot/framework/web/CWebApplication.php:286
Stack trace:
#0 /var/www/YiiRoot/framework/web/CWebApplication.php(141): CWebApplication->runController('upload/room/t_1...')
#1 /var/www/YiiRoot/framework/base/CApplication.php(180): CWebApplication->processRequest()
#2 /var/www/storybox/index.php(18): CApplication->run()
#3 {main}
REQUEST_URI=/storybox/upload/room/t_1397564067-iron_man_shield_interface_star_2560x1440_wallpaperno.com.jpg
HTTP_REFERER=http://dev.modiez.kr/storybox/rooms/1
---
2014/04/15 22:42:35 [error] [exception.CHttpException.404] exception 'CHttpException' with message 'Unable to resolve the request "upload/room/t_1397460390-415833.jpg".' in /var/www/YiiRoot/framework/web/CWebApplication.php:286
Stack trace:
#0 /var/www/YiiRoot/framework/web/CWebApplication.php(141): CWebApplication->runController('upload/room/t_1...')
#1 /var/www/YiiRoot/framework/base/CApplication.php(180): CWebApplication->processRequest()
#2 /var/www/storybox/index.php(18): CApplication->run()
#3 {main}
REQUEST_URI=/storybox/upload/room/t_1397460390-415833.jpg
---
2014/04/15 22:42:35 [error] [exception.CHttpException.404] exception 'CHttpException' with message 'Unable to resolve the request "upload/room/t_1397564067-iron_man_shield_interface_star_2560x1440_wallpaperno.com.jpg".' in /var/www/YiiRoot/framework/web/CWebApplication.php:286
Stack trace:
#0 /var/www/YiiRoot/framework/web/CWebApplication.php(141): CWebApplication->runController('upload/room/t_1...')
#1 /var/www/YiiRoot/framework/base/CApplication.php(180): CWebApplication->processRequest()
#2 /var/www/storybox/index.php(18): CApplication->run()
#3 {main}
REQUEST_URI=/storybox/upload/room/t_1397564067-iron_man_shield_interface_star_2560x1440_wallpaperno.com.jpg
---
2014/04/15 22:42:35 [error] [exception.CHttpException.404] exception 'CHttpException' with message 'Unable to resolve the request "upload/room/t_1397562136-1685723.jpg".' in /var/www/YiiRoot/framework/web/CWebApplication.php:286
Stack trace:
#0 /var/www/YiiRoot/framework/web/CWebApplication.php(141): CWebApplication->runController('upload/room/t_1...')
#1 /var/www/YiiRoot/framework/base/CApplication.php(180): CWebApplication->processRequest()
#2 /var/www/storybox/index.php(18): CApplication->run()
#3 {main}
REQUEST_URI=/storybox/upload/room/t_1397562136-1685723.jpg
---
2014/04/15 22:47:43 [error] [exception.CHttpException.404] exception 'CHttpException' with message 'Unable to resolve the request "upload/room/t_1397564067-iron_man_shield_interface_star_2560x1440_wallpaperno.com.jpg".' in /var/www/YiiRoot/framework/web/CWebApplication.php:286
Stack trace:
#0 /var/www/YiiRoot/framework/web/CWebApplication.php(141): CWebApplication->runController('upload/room/t_1...')
#1 /var/www/YiiRoot/framework/base/CApplication.php(180): CWebApplication->processRequest()
#2 /var/www/storybox/index.php(18): CApplication->run()
#3 {main}
REQUEST_URI=/storybox/upload/room/t_1397564067-iron_man_shield_interface_star_2560x1440_wallpaperno.com.jpg
HTTP_REFERER=http://dev.modiez.kr/storybox/rooms/1
---
2014/04/15 22:47:43 [error] [exception.CHttpException.404] exception 'CHttpException' with message 'Unable to resolve the request "upload/room/t_1397460390-415833.jpg".' in /var/www/YiiRoot/framework/web/CWebApplication.php:286
Stack trace:
#0 /var/www/YiiRoot/framework/web/CWebApplication.php(141): CWebApplication->runController('upload/room/t_1...')
#1 /var/www/YiiRoot/framework/base/CApplication.php(180): CWebApplication->processRequest()
#2 /var/www/storybox/index.php(18): CApplication->run()
#3 {main}
REQUEST_URI=/storybox/upload/room/t_1397460390-415833.jpg
HTTP_REFERER=http://dev.modiez.kr/storybox/rooms/1
---
2014/04/15 22:47:43 [error] [exception.CHttpException.404] exception 'CHttpException' with message 'Unable to resolve the request "upload/room/t_1397562136-1685723.jpg".' in /var/www/YiiRoot/framework/web/CWebApplication.php:286
Stack trace:
#0 /var/www/YiiRoot/framework/web/CWebApplication.php(141): CWebApplication->runController('upload/room/t_1...')
#1 /var/www/YiiRoot/framework/base/CApplication.php(180): CWebApplication->processRequest()
#2 /var/www/storybox/index.php(18): CApplication->run()
#3 {main}
REQUEST_URI=/storybox/upload/room/t_1397562136-1685723.jpg
HTTP_REFERER=http://dev.modiez.kr/storybox/rooms/1
---
2014/04/15 22:47:43 [error] [exception.CHttpException.404] exception 'CHttpException' with message 'Unable to resolve the request "upload/room/t_1397564067-iron_man_shield_interface_star_2560x1440_wallpaperno.com.jpg".' in /var/www/YiiRoot/framework/web/CWebApplication.php:286
Stack trace:
#0 /var/www/YiiRoot/framework/web/CWebApplication.php(141): CWebApplication->runController('upload/room/t_1...')
#1 /var/www/YiiRoot/framework/base/CApplication.php(180): CWebApplication->processRequest()
#2 /var/www/storybox/index.php(18): CApplication->run()
#3 {main}
REQUEST_URI=/storybox/upload/room/t_1397564067-iron_man_shield_interface_star_2560x1440_wallpaperno.com.jpg
HTTP_REFERER=http://dev.modiez.kr/storybox/rooms/1
---
2014/04/15 22:47:43 [error] [exception.CHttpException.404] exception 'CHttpException' with message 'Unable to resolve the request "upload/room/t_1397562136-1685723.jpg".' in /var/www/YiiRoot/framework/web/CWebApplication.php:286
Stack trace:
#0 /var/www/YiiRoot/framework/web/CWebApplication.php(141): CWebApplication->runController('upload/room/t_1...')
#1 /var/www/YiiRoot/framework/base/CApplication.php(180): CWebApplication->processRequest()
#2 /var/www/storybox/index.php(18): CApplication->run()
#3 {main}
REQUEST_URI=/storybox/upload/room/t_1397562136-1685723.jpg
HTTP_REFERER=http://dev.modiez.kr/storybox/rooms/1
---
2014/04/15 22:47:43 [error] [exception.CHttpException.404] exception 'CHttpException' with message 'Unable to resolve the request "upload/room/t_1397460390-415833.jpg".' in /var/www/YiiRoot/framework/web/CWebApplication.php:286
Stack trace:
#0 /var/www/YiiRoot/framework/web/CWebApplication.php(141): CWebApplication->runController('upload/room/t_1...')
#1 /var/www/YiiRoot/framework/base/CApplication.php(180): CWebApplication->processRequest()
#2 /var/www/storybox/index.php(18): CApplication->run()
#3 {main}
REQUEST_URI=/storybox/upload/room/t_1397460390-415833.jpg
HTTP_REFERER=http://dev.modiez.kr/storybox/rooms/1
---
2014/04/15 22:47:44 [error] [exception.CHttpException.404] exception 'CHttpException' with message 'Unable to resolve the request "upload/room/t_1397460390-415833.jpg".' in /var/www/YiiRoot/framework/web/CWebApplication.php:286
Stack trace:
#0 /var/www/YiiRoot/framework/web/CWebApplication.php(141): CWebApplication->runController('upload/room/t_1...')
#1 /var/www/YiiRoot/framework/base/CApplication.php(180): CWebApplication->processRequest()
#2 /var/www/storybox/index.php(18): CApplication->run()
#3 {main}
REQUEST_URI=/storybox/upload/room/t_1397460390-415833.jpg
---
2014/04/15 22:47:44 [error] [exception.CHttpException.404] exception 'CHttpException' with message 'Unable to resolve the request "upload/room/t_1397562136-1685723.jpg".' in /var/www/YiiRoot/framework/web/CWebApplication.php:286
Stack trace:
#0 /var/www/YiiRoot/framework/web/CWebApplication.php(141): CWebApplication->runController('upload/room/t_1...')
#1 /var/www/YiiRoot/framework/base/CApplication.php(180): CWebApplication->processRequest()
#2 /var/www/storybox/index.php(18): CApplication->run()
#3 {main}
REQUEST_URI=/storybox/upload/room/t_1397562136-1685723.jpg
---
2014/04/15 22:47:44 [error] [exception.CHttpException.404] exception 'CHttpException' with message 'Unable to resolve the request "upload/room/t_1397564067-iron_man_shield_interface_star_2560x1440_wallpaperno.com.jpg".' in /var/www/YiiRoot/framework/web/CWebApplication.php:286
Stack trace:
#0 /var/www/YiiRoot/framework/web/CWebApplication.php(141): CWebApplication->runController('upload/room/t_1...')
#1 /var/www/YiiRoot/framework/base/CApplication.php(180): CWebApplication->processRequest()
#2 /var/www/storybox/index.php(18): CApplication->run()
#3 {main}
REQUEST_URI=/storybox/upload/room/t_1397564067-iron_man_shield_interface_star_2560x1440_wallpaperno.com.jpg
---
2014/04/15 22:47:45 [error] [php] include(dateCompare.php): failed to open stream: No such file or directory (/var/www/YiiRoot/framework/YiiBase.php:421)
Stack trace:
#0 /var/www/YiiRoot/framework/validators/CValidator.php(186): import()
#1 /var/www/YiiRoot/framework/base/CModel.php(287): createValidator()
#2 /var/www/YiiRoot/framework/base/CModel.php(260): Notices->createValidators()
#3 /var/www/YiiRoot/framework/base/CModel.php(547): Notices->getValidators()
#4 /var/www/YiiRoot/framework/web/widgets/CActiveForm.php(564): Notices->getSafeAttributeNames()
#5 /var/www/storybox/protected/views/notices/_form.php(20): CActiveForm->errorSummary()
#6 /var/www/YiiRoot/framework/web/CBaseController.php(126): require()
#7 /var/www/YiiRoot/framework/web/CBaseController.php(95): NoticesController->renderInternal()
#8 /var/www/YiiRoot/framework/web/CController.php(869): NoticesController->renderFile()
#9 /var/www/storybox/protected/views/notices/create.php(18): NoticesController->renderPartial()
#10 /var/www/YiiRoot/framework/web/CBaseController.php(126): require()
#11 /var/www/YiiRoot/framework/web/CBaseController.php(95): NoticesController->renderInternal()
#12 /var/www/YiiRoot/framework/web/CController.php(869): NoticesController->renderFile()
#13 /var/www/YiiRoot/framework/web/CController.php(782): NoticesController->renderPartial()
#14 /var/www/storybox/protected/controllers/NoticesController.php(80): NoticesController->render()
#15 /var/www/YiiRoot/framework/web/actions/CInlineAction.php(49): NoticesController->actionCreate()
#16 /var/www/YiiRoot/framework/web/CController.php(308): CInlineAction->runWithParams()
#17 /var/www/YiiRoot/framework/web/filters/CFilterChain.php(133): NoticesController->runAction()
#18 /var/www/storybox/protected/controllers/NoticesController.php(211): CFilterChain->run()
#19 /var/www/YiiRoot/framework/web/filters/CInlineFilter.php(58): NoticesController->filterRoomContext()
#20 /var/www/YiiRoot/framework/web/filters/CFilterChain.php(130): CInlineFilter->filter()
#21 /var/www/YiiRoot/framework/web/filters/CFilter.php(40): CFilterChain->run()
#22 /var/www/YiiRoot/framework/web/CController.php(1145): CAccessControlFilter->filter()
#23 /var/www/YiiRoot/framework/web/filters/CInlineFilter.php(58): NoticesController->filterAccessControl()
#24 /var/www/YiiRoot/framework/web/filters/CFilterChain.php(130): CInlineFilter->filter()
#25 /var/www/YiiRoot/framework/web/CController.php(291): CFilterChain->run()
#26 /var/www/YiiRoot/framework/web/CController.php(265): NoticesController->runActionWithFilters()
#27 /var/www/YiiRoot/framework/web/CWebApplication.php(282): NoticesController->run()
#28 /var/www/YiiRoot/framework/web/CWebApplication.php(141): CWebApplication->runController()
#29 /var/www/YiiRoot/framework/base/CApplication.php(180): CWebApplication->processRequest()
#30 /var/www/storybox/index.php(18): CWebApplication->run()
REQUEST_URI=/storybox/notices/create?rid=1
in /var/www/storybox/protected/views/notices/_form.php (20)
in /var/www/storybox/protected/views/notices/create.php (18)
in /var/www/storybox/protected/controllers/NoticesController.php (80)
2014/04/15 23:17:19 [error] [exception.CHttpException.404] exception 'CHttpException' with message 'Unable to resolve the request "upload/place/t_1397561984-1685723.jpg".' in /var/www/YiiRoot/framework/web/CWebApplication.php:286
Stack trace:
#0 /var/www/YiiRoot/framework/web/CWebApplication.php(141): CWebApplication->runController('upload/place/t_...')
#1 /var/www/YiiRoot/framework/base/CApplication.php(180): CWebApplication->processRequest()
#2 /var/www/storybox/index.php(18): CApplication->run()
#3 {main}
REQUEST_URI=/storybox/upload/place/t_1397561984-1685723.jpg
HTTP_REFERER=http://dev.modiez.kr/storybox/places/1
---
2014/04/15 23:17:19 [error] [exception.CHttpException.404] exception 'CHttpException' with message 'Unable to resolve the request "upload/place/t_".' in /var/www/YiiRoot/framework/web/CWebApplication.php:286
Stack trace:
#0 /var/www/YiiRoot/framework/web/CWebApplication.php(141): CWebApplication->runController('upload/place/t_')
#1 /var/www/YiiRoot/framework/base/CApplication.php(180): CWebApplication->processRequest()
#2 /var/www/storybox/index.php(18): CApplication->run()
#3 {main}
REQUEST_URI=/storybox/upload/place/t_
HTTP_REFERER=http://dev.modiez.kr/storybox/places/1
---
2014/04/15 23:17:19 [error] [exception.CHttpException.404] exception 'CHttpException' with message 'Unable to resolve the request "upload/place/t_1397562044-".' in /var/www/YiiRoot/framework/web/CWebApplication.php:286
Stack trace:
#0 /var/www/YiiRoot/framework/web/CWebApplication.php(141): CWebApplication->runController('upload/place/t_...')
#1 /var/www/YiiRoot/framework/base/CApplication.php(180): CWebApplication->processRequest()
#2 /var/www/storybox/index.php(18): CApplication->run()
#3 {main}
REQUEST_URI=/storybox/upload/place/t_1397562044-
HTTP_REFERER=http://dev.modiez.kr/storybox/places/1
---
2014/04/15 23:17:19 [error] [exception.CHttpException.404] exception 'CHttpException' with message 'Unable to resolve the request "upload/place/t_1397561988-".' in /var/www/YiiRoot/framework/web/CWebApplication.php:286
Stack trace:
#0 /var/www/YiiRoot/framework/web/CWebApplication.php(141): CWebApplication->runController('upload/place/t_...')
#1 /var/www/YiiRoot/framework/base/CApplication.php(180): CWebApplication->processRequest()
#2 /var/www/storybox/index.php(18): CApplication->run()
#3 {main}
REQUEST_URI=/storybox/upload/place/t_1397561988-
HTTP_REFERER=http://dev.modiez.kr/storybox/places/1
---
2014/04/15 23:17:19 [error] [exception.CHttpException.404] exception 'CHttpException' with message 'Unable to resolve the request "upload/place/t_1397565122-iron_man_shield_interface_star_2560x1440_wallpaperno.com.jpg".' in /var/www/YiiRoot/framework/web/CWebApplication.php:286
Stack trace:
#0 /var/www/YiiRoot/framework/web/CWebApplication.php(141): CWebApplication->runController('upload/place/t_...')
#1 /var/www/YiiRoot/framework/base/CApplication.php(180): CWebApplication->processRequest()
#2 /var/www/storybox/index.php(18): CApplication->run()
#3 {main}
REQUEST_URI=/storybox/upload/place/t_1397565122-iron_man_shield_interface_star_2560x1440_wallpaperno.com.jpg
HTTP_REFERER=http://dev.modiez.kr/storybox/places/1
---
2014/04/15 23:17:20 [error] [exception.CHttpException.404] exception 'CHttpException' with message 'Unable to resolve the request "upload/place/t_1397561988-".' in /var/www/YiiRoot/framework/web/CWebApplication.php:286
Stack trace:
#0 /var/www/YiiRoot/framework/web/CWebApplication.php(141): CWebApplication->runController('upload/place/t_...')
#1 /var/www/YiiRoot/framework/base/CApplication.php(180): CWebApplication->processRequest()
#2 /var/www/storybox/index.php(18): CApplication->run()
#3 {main}
REQUEST_URI=/storybox/upload/place/t_1397561988-
HTTP_REFERER=http://dev.modiez.kr/storybox/places/1
---
2014/04/15 23:17:20 [error] [exception.CHttpException.404] exception 'CHttpException' with message 'Unable to resolve the request "upload/place/t_1397562044-".' in /var/www/YiiRoot/framework/web/CWebApplication.php:286
Stack trace:
#0 /var/www/YiiRoot/framework/web/CWebApplication.php(141): CWebApplication->runController('upload/place/t_...')
#1 /var/www/YiiRoot/framework/base/CApplication.php(180): CWebApplication->processRequest()
#2 /var/www/storybox/index.php(18): CApplication->run()
#3 {main}
REQUEST_URI=/storybox/upload/place/t_1397562044-
HTTP_REFERER=http://dev.modiez.kr/storybox/places/1
---
2014/04/15 23:17:20 [error] [exception.CHttpException.404] exception 'CHttpException' with message 'Unable to resolve the request "upload/place/t_".' in /var/www/YiiRoot/framework/web/CWebApplication.php:286
Stack trace:
#0 /var/www/YiiRoot/framework/web/CWebApplication.php(141): CWebApplication->runController('upload/place/t_')
#1 /var/www/YiiRoot/framework/base/CApplication.php(180): CWebApplication->processRequest()
#2 /var/www/storybox/index.php(18): CApplication->run()
#3 {main}
REQUEST_URI=/storybox/upload/place/t_
HTTP_REFERER=http://dev.modiez.kr/storybox/places/1
---
2014/04/15 23:17:20 [error] [exception.CHttpException.404] exception 'CHttpException' with message 'Unable to resolve the request "upload/place/t_1397561984-1685723.jpg".' in /var/www/YiiRoot/framework/web/CWebApplication.php:286
Stack trace:
#0 /var/www/YiiRoot/framework/web/CWebApplication.php(141): CWebApplication->runController('upload/place/t_...')
#1 /var/www/YiiRoot/framework/base/CApplication.php(180): CWebApplication->processRequest()
#2 /var/www/storybox/index.php(18): CApplication->run()
#3 {main}
REQUEST_URI=/storybox/upload/place/t_1397561984-1685723.jpg
HTTP_REFERER=http://dev.modiez.kr/storybox/places/1
---
2014/04/15 23:17:20 [error] [exception.CHttpException.404] exception 'CHttpException' with message 'Unable to resolve the request "upload/place/t_1397565122-iron_man_shield_interface_star_2560x1440_wallpaperno.com.jpg".' in /var/www/YiiRoot/framework/web/CWebApplication.php:286
Stack trace:
#0 /var/www/YiiRoot/framework/web/CWebApplication.php(141): CWebApplication->runController('upload/place/t_...')
#1 /var/www/YiiRoot/framework/base/CApplication.php(180): CWebApplication->processRequest()
#2 /var/www/storybox/index.php(18): CApplication->run()
#3 {main}
REQUEST_URI=/storybox/upload/place/t_1397565122-iron_man_shield_interface_star_2560x1440_wallpaperno.com.jpg
HTTP_REFERER=http://dev.modiez.kr/storybox/places/1
---
2014/04/15 23:17:20 [error] [exception.CHttpException.404] exception 'CHttpException' with message 'Unable to resolve the request "upload/place/1397561988-".' in /var/www/YiiRoot/framework/web/CWebApplication.php:286
Stack trace:
#0 /var/www/YiiRoot/framework/web/CWebApplication.php(141): CWebApplication->runController('upload/place/13...')
#1 /var/www/YiiRoot/framework/base/CApplication.php(180): CWebApplication->processRequest()
#2 /var/www/storybox/index.php(18): CApplication->run()
#3 {main}
REQUEST_URI=/storybox/upload/place/1397561988-
HTTP_REFERER=http://dev.modiez.kr/storybox/places/1
---
2014/04/15 23:17:20 [error] [exception.CHttpException.404] exception 'CHttpException' with message 'Unable to resolve the request "upload/place/1397561984-1685723.jpg".' in /var/www/YiiRoot/framework/web/CWebApplication.php:286
Stack trace:
#0 /var/www/YiiRoot/framework/web/CWebApplication.php(141): CWebApplication->runController('upload/place/13...')
#1 /var/www/YiiRoot/framework/base/CApplication.php(180): CWebApplication->processRequest()
#2 /var/www/storybox/index.php(18): CApplication->run()
#3 {main}
REQUEST_URI=/storybox/upload/place/1397561984-1685723.jpg
HTTP_REFERER=http://dev.modiez.kr/storybox/places/1
---
2014/04/15 23:17:20 [error] [exception.CHttpException.404] exception 'CHttpException' with message 'Unable to resolve the request "upload/place/1397565122-iron_man_shield_interface_star_2560x1440_wallpaperno.com.jpg".' in /var/www/YiiRoot/framework/web/CWebApplication.php:286
Stack trace:
#0 /var/www/YiiRoot/framework/web/CWebApplication.php(141): CWebApplication->runController('upload/place/13...')
#1 /var/www/YiiRoot/framework/base/CApplication.php(180): CWebApplication->processRequest()
#2 /var/www/storybox/index.php(18): CApplication->run()
#3 {main}
REQUEST_URI=/storybox/upload/place/1397565122-iron_man_shield_interface_star_2560x1440_wallpaperno.com.jpg
HTTP_REFERER=http://dev.modiez.kr/storybox/places/1
---
2014/04/15 23:17:21 [error] [exception.CHttpException.404] exception 'CHttpException' with message 'Unable to resolve the request "upload/place/t_1397561984-1685723.jpg".' in /var/www/YiiRoot/framework/web/CWebApplication.php:286
Stack trace:
#0 /var/www/YiiRoot/framework/web/CWebApplication.php(141): CWebApplication->runController('upload/place/t_...')
#1 /var/www/YiiRoot/framework/base/CApplication.php(180): CWebApplication->processRequest()
#2 /var/www/storybox/index.php(18): CApplication->run()
#3 {main}
REQUEST_URI=/storybox/upload/place/t_1397561984-1685723.jpg
---
2014/04/15 23:17:21 [error] [exception.CHttpException.404] exception 'CHttpException' with message 'Unable to resolve the request "upload/place/t_1397562044-".' in /var/www/YiiRoot/framework/web/CWebApplication.php:286
Stack trace:
#0 /var/www/YiiRoot/framework/web/CWebApplication.php(141): CWebApplication->runController('upload/place/t_...')
#1 /var/www/YiiRoot/framework/base/CApplication.php(180): CWebApplication->processRequest()
#2 /var/www/storybox/index.php(18): CApplication->run()
#3 {main}
REQUEST_URI=/storybox/upload/place/t_1397562044-
---
2014/04/15 23:17:21 [error] [exception.CHttpException.404] exception 'CHttpException' with message 'Unable to resolve the request "upload/place/t_".' in /var/www/YiiRoot/framework/web/CWebApplication.php:286
Stack trace:
#0 /var/www/YiiRoot/framework/web/CWebApplication.php(141): CWebApplication->runController('upload/place/t_')
#1 /var/www/YiiRoot/framework/base/CApplication.php(180): CWebApplication->processRequest()
#2 /var/www/storybox/index.php(18): CApplication->run()
#3 {main}
REQUEST_URI=/storybox/upload/place/t_
---
2014/04/15 23:17:21 [error] [exception.CHttpException.404] exception 'CHttpException' with message 'Unable to resolve the request "upload/place/t_1397565122-iron_man_shield_interface_star_2560x1440_wallpaperno.com.jpg".' in /var/www/YiiRoot/framework/web/CWebApplication.php:286
Stack trace:
#0 /var/www/YiiRoot/framework/web/CWebApplication.php(141): CWebApplication->runController('upload/place/t_...')
#1 /var/www/YiiRoot/framework/base/CApplication.php(180): CWebApplication->processRequest()
#2 /var/www/storybox/index.php(18): CApplication->run()
#3 {main}
REQUEST_URI=/storybox/upload/place/t_1397565122-iron_man_shield_interface_star_2560x1440_wallpaperno.com.jpg
---
2014/04/15 23:17:21 [error] [exception.CHttpException.404] exception 'CHttpException' with message 'Unable to resolve the request "upload/place/t_1397561988-".' in /var/www/YiiRoot/framework/web/CWebApplication.php:286
Stack trace:
#0 /var/www/YiiRoot/framework/web/CWebApplication.php(141): CWebApplication->runController('upload/place/t_...')
#1 /var/www/YiiRoot/framework/base/CApplication.php(180): CWebApplication->processRequest()
#2 /var/www/storybox/index.php(18): CApplication->run()
#3 {main}
REQUEST_URI=/storybox/upload/place/t_1397561988-
---
